-- The C compiler identification is GNU 13.3.0
-- The CXX compiler identification is GNU 13.3.0
-- Detecting C compiler ABI info
-- Detecting C compiler ABI info - done
-- Check for working C compiler: /usr/bin/cc - skipped
-- Detecting C compile features
-- Detecting C compile features - done
-- Detecting CXX compiler ABI info
-- Detecting CXX compiler ABI info - done
-- Check for working CXX compiler: /usr/bin/c++ - skipped
-- Detecting CXX compile features
-- Detecting CXX compile features - done
-- Found ament_cmake: 2.5.5 (/opt/ros/jazzy/share/ament_cmake/cmake)
-- Found Python3: /usr/bin/python3 (found version "3.12.3") found components: Interpreter 
-- Found rosidl_default_generators: 1.6.0 (/opt/ros/jazzy/share/rosidl_default_generators/cmake)
-- Using all available rosidl_typesupport_c: rosidl_typesupport_fastrtps_c;rosidl_typesupport_introspection_c
-- Using all available rosidl_typesupport_cpp: rosidl_typesupport_fastrtps_cpp;rosidl_typesupport_introspection_cpp
-- Found rosidl_adapter: 4.6.7 (/opt/ros/jazzy/share/rosidl_adapter/cmake)
-- Found std_msgs: 5.3.6 (/opt/ros/jazzy/share/std_msgs/cmake)
-- Found ament_cmake_ros: 0.12.0 (/opt/ros/jazzy/share/ament_cmake_ros/cmake)
-- Using all available rosidl_typesupport_c: rosidl_typesupport_fastrtps_c;rosidl_typesupport_introspection_c
-- Using all available rosidl_typesupport_cpp: rosidl_typesupport_fastrtps_cpp;rosidl_typesupport_introspection_cpp
-- Found python_cmake_module: 0.11.1 (/opt/ros/jazzy/share/python_cmake_module/cmake)
-- Found PythonExtra: /usr/bin/python3  
-- Found Python3: /usr/bin/python3 (found version "3.12.3") found components: Interpreter Development NumPy Development.Module Development.Embed 
-- Found ament_lint_auto: 0.17.4 (/opt/ros/jazzy/share/ament_lint_auto/cmake)
-- Added test 'lint_cmake' to check CMake code style
-- Added test 'xmllint' to check XML markup files
-- Configuring done (3.3s)
-- Generating done (0.0s)
-- Build files have been written to: /root/ros2_ws/build/apriltag_msgs
[  1%] [34m[1mGenerating type hashes for ROS interfaces[0m
[  1%] Built target ament_cmake_python_copy_apriltag_msgs
running egg_info
creating apriltag_msgs.egg-info
writing apriltag_msgs.egg-info/PKG-INFO
writing dependency_links to apriltag_msgs.egg-info/dependency_links.txt
writing top-level names to apriltag_msgs.egg-info/top_level.txt
writing manifest file 'apriltag_msgs.egg-info/SOURCES.txt'
reading manifest file 'apriltag_msgs.egg-info/SOURCES.txt'
writing manifest file 'apriltag_msgs.egg-info/SOURCES.txt'
[  1%] Built target apriltag_msgs__rosidl_generator_type_description
[  1%] Built target ament_cmake_python_build_apriltag_msgs_egg
[  3%] [34m[1mGenerating C code for ROS interfaces[0m
[  5%] [34m[1mGenerating C++ code for ROS interfaces[0m
[  5%] Built target apriltag_msgs__cpp
[ 11%] [32mBuilding C object CMakeFiles/apriltag_msgs__rosidl_generator_c.dir/rosidl_generator_c/apriltag_msgs/msg/detail/point__type_support.c.o[0m
[ 11%] [32mBuilding C object CMakeFiles/apriltag_msgs__rosidl_generator_c.dir/rosidl_generator_c/apriltag_msgs/msg/detail/april_tag_detection__description.c.o[0m
[ 11%] [32mBuilding C object CMakeFiles/apriltag_msgs__rosidl_generator_c.dir/rosidl_generator_c/apriltag_msgs/msg/detail/point__description.c.o[0m
[ 14%] [32mBuilding C object CMakeFiles/apriltag_msgs__rosidl_generator_c.dir/rosidl_generator_c/apriltag_msgs/msg/detail/april_tag_detection_array__description.c.o[0m
[ 14%] [32mBuilding C object CMakeFiles/apriltag_msgs__rosidl_generator_c.dir/rosidl_generator_c/apriltag_msgs/msg/detail/april_tag_detection_array__functions.c.o[0m
[ 18%] [32mBuilding C object CMakeFiles/apriltag_msgs__rosidl_generator_c.dir/rosidl_generator_c/apriltag_msgs/msg/detail/april_tag_detection__functions.c.o[0m
[ 18%] [32mBuilding C object CMakeFiles/apriltag_msgs__rosidl_generator_c.dir/rosidl_generator_c/apriltag_msgs/msg/detail/point__functions.c.o[0m
[ 20%] [32mBuilding C object CMakeFiles/apriltag_msgs__rosidl_generator_c.dir/rosidl_generator_c/apriltag_msgs/msg/detail/april_tag_detection__type_support.c.o[0m
[ 22%] [32mBuilding C object CMakeFiles/apriltag_msgs__rosidl_generator_c.dir/rosidl_generator_c/apriltag_msgs/msg/detail/april_tag_detection_array__type_support.c.o[0m
[ 24%] [32m[1mLinking C shared library libapriltag_msgs__rosidl_generator_c.so[0m
[ 24%] Built target apriltag_msgs__rosidl_generator_c
[ 29%] [34m[1mGenerating C type support for eProsima Fast-RTPS[0m
[ 29%] [34m[1mGenerating C++ introspection for ROS interfaces[0m
[ 29%] [34m[1mGenerating C type support dispatch for ROS interfaces[0m
[ 31%] [34m[1mGenerating C introspection for ROS interfaces[0m
[ 35%] [34m[1mGenerating C++ type support for eProsima Fast-RTPS[0m
[ 35%] [34m[1mGenerating C++ type support dispatch for ROS interfaces[0m
[ 38%] [32mBuilding CXX object CMakeFiles/apriltag_msgs__rosidl_typesupport_c.dir/rosidl_typesupport_c/apriltag_msgs/msg/april_tag_detection_array__type_support.cpp.o[0m
[ 38%] [32mBuilding CXX object CMakeFiles/apriltag_msgs__rosidl_typesupport_c.dir/rosidl_typesupport_c/apriltag_msgs/msg/april_tag_detection__type_support.cpp.o[0m
[ 40%] [32mBuilding CXX object CMakeFiles/apriltag_msgs__rosidl_typesupport_c.dir/rosidl_typesupport_c/apriltag_msgs/msg/point__type_support.cpp.o[0m
[ 42%] [32mBuilding C object CMakeFiles/apriltag_msgs__rosidl_typesupport_introspection_c.dir/rosidl_typesupport_introspection_c/apriltag_msgs/msg/detail/april_tag_detection__type_support.c.o[0m
[ 44%] [32mBuilding C object CMakeFiles/apriltag_msgs__rosidl_typesupport_introspection_c.dir/rosidl_typesupport_introspection_c/apriltag_msgs/msg/detail/point__type_support.c.o[0m
[ 46%] [32mBuilding C object CMakeFiles/apriltag_msgs__rosidl_typesupport_introspection_c.dir/rosidl_typesupport_introspection_c/apriltag_msgs/msg/detail/april_tag_detection_array__type_support.c.o[0m
[ 50%] [32m[1mLinking CXX shared library libapriltag_msgs__rosidl_typesupport_c.so[0m
[ 50%] [32mBuilding CXX object CMakeFiles/apriltag_msgs__rosidl_typesupport_cpp.dir/rosidl_typesupport_cpp/apriltag_msgs/msg/april_tag_detection_array__type_support.cpp.o[0m
[ 51%] [32mBuilding CXX object CMakeFiles/apriltag_msgs__rosidl_typesupport_cpp.dir/rosidl_typesupport_cpp/apriltag_msgs/msg/april_tag_detection__type_support.cpp.o[0m
[ 53%] [32mBuilding CXX object CMakeFiles/apriltag_msgs__rosidl_typesupport_cpp.dir/rosidl_typesupport_cpp/apriltag_msgs/msg/point__type_support.cpp.o[0m
[ 55%] [32mBuilding CXX object CMakeFiles/apriltag_msgs__rosidl_typesupport_fastrtps_cpp.dir/rosidl_typesupport_fastrtps_cpp/apriltag_msgs/msg/detail/dds_fastrtps/point__type_support.cpp.o[0m
[ 57%] [32mBuilding CXX object CMakeFiles/apriltag_msgs__rosidl_typesupport_fastrtps_cpp.dir/rosidl_typesupport_fastrtps_cpp/apriltag_msgs/msg/detail/dds_fastrtps/april_tag_detection_array__type_support.cpp.o[0m
[ 59%] [32mBuilding CXX object CMakeFiles/apriltag_msgs__rosidl_typesupport_fastrtps_cpp.dir/rosidl_typesupport_fastrtps_cpp/apriltag_msgs/msg/detail/dds_fastrtps/april_tag_detection__type_support.cpp.o[0m
[ 61%] [32mBuilding CXX object CMakeFiles/apriltag_msgs__rosidl_typesupport_fastrtps_c.dir/rosidl_typesupport_fastrtps_c/apriltag_msgs/msg/detail/point__type_support_c.cpp.o[0m
[ 62%] [32mBuilding CXX object CMakeFiles/apriltag_msgs__rosidl_typesupport_fastrtps_c.dir/rosidl_typesupport_fastrtps_c/apriltag_msgs/msg/detail/april_tag_detection_array__type_support_c.cpp.o[0m
[ 64%] [32mBuilding CXX object CMakeFiles/apriltag_msgs__rosidl_typesupport_fastrtps_c.dir/rosidl_typesupport_fastrtps_c/apriltag_msgs/msg/detail/april_tag_detection__type_support_c.cpp.o[0m
[ 66%] [32m[1mLinking C shared library libapriltag_msgs__rosidl_typesupport_introspection_c.so[0m
[ 68%] [32mBuilding CXX object CMakeFiles/apriltag_msgs__rosidl_typesupport_introspection_cpp.dir/rosidl_typesupport_introspection_cpp/apriltag_msgs/msg/detail/point__type_support.cpp.o[0m
[ 70%] [32mBuilding CXX object CMakeFiles/apriltag_msgs__rosidl_typesupport_introspection_cpp.dir/rosidl_typesupport_introspection_cpp/apriltag_msgs/msg/detail/april_tag_detection__type_support.cpp.o[0m
[ 72%] [32mBuilding CXX object CMakeFiles/apriltag_msgs__rosidl_typesupport_introspection_cpp.dir/rosidl_typesupport_introspection_cpp/apriltag_msgs/msg/detail/april_tag_detection_array__type_support.cpp.o[0m
[ 72%] Built target apriltag_msgs__rosidl_typesupport_c
[ 72%] Built target apriltag_msgs__rosidl_typesupport_introspection_c
[ 74%] [32m[1mLinking CXX shared library libapriltag_msgs__rosidl_typesupport_cpp.so[0m
[ 74%] Built target apriltag_msgs__rosidl_typesupport_cpp
[ 75%] [32m[1mLinking CXX shared library libapriltag_msgs__rosidl_typesupport_introspection_cpp.so[0m
[ 75%] Built target apriltag_msgs__rosidl_typesupport_introspection_cpp
[ 77%] [32m[1mLinking CXX shared library libapriltag_msgs__rosidl_typesupport_fastrtps_cpp.so[0m
[ 79%] [32m[1mLinking CXX shared library libapriltag_msgs__rosidl_typesupport_fastrtps_c.so[0m
[ 79%] Built target apriltag_msgs__rosidl_typesupport_fastrtps_cpp
[ 79%] Built target apriltag_msgs__rosidl_typesupport_fastrtps_c
[ 79%] Built target apriltag_msgs
[ 81%] [34m[1mGenerating Python code for ROS interfaces[0m
[ 81%] Built target apriltag_msgs__py
[ 85%] [32mBuilding C object CMakeFiles/apriltag_msgs__rosidl_generator_py.dir/rosidl_generator_py/apriltag_msgs/msg/_point_s.c.o[0m
[ 85%] [32mBuilding C object CMakeFiles/apriltag_msgs__rosidl_generator_py.dir/rosidl_generator_py/apriltag_msgs/msg/_april_tag_detection_s.c.o[0m
[ 87%] [32mBuilding C object CMakeFiles/apriltag_msgs__rosidl_generator_py.dir/rosidl_generator_py/apriltag_msgs/msg/_april_tag_detection_array_s.c.o[0m
[ 88%] [32m[1mLinking C shared library libapriltag_msgs__rosidl_generator_py.so[0m
[ 88%] Built target apriltag_msgs__rosidl_generator_py
[ 94%] [32mBuilding C object CMakeFiles/apriltag_msgs_s__rosidl_typesupport_fastrtps_c.dir/rosidl_generator_py/apriltag_msgs/_apriltag_msgs_s.ep.rosidl_typesupport_fastrtps_c.c.o[0m
[ 94%] [32mBuilding C object CMakeFiles/apriltag_msgs_s__rosidl_typesupport_c.dir/rosidl_generator_py/apriltag_msgs/_apriltag_msgs_s.ep.rosidl_typesupport_c.c.o[0m
[ 94%] [32mBuilding C object CMakeFiles/apriltag_msgs_s__rosidl_typesupport_introspection_c.dir/rosidl_generator_py/apriltag_msgs/_apriltag_msgs_s.ep.rosidl_typesupport_introspection_c.c.o[0m
[ 96%] [32m[1mLinking C shared module rosidl_generator_py/apriltag_msgs/apriltag_msgs_s__rosidl_typesupport_c.so[0m
[ 98%] [32m[1mLinking C shared module rosidl_generator_py/apriltag_msgs/apriltag_msgs_s__rosidl_typesupport_fastrtps_c.so[0m
[100%] [32m[1mLinking C shared module rosidl_generator_py/apriltag_msgs/apriltag_msgs_s__rosidl_typesupport_introspection_c.so[0m
[100%] Built target apriltag_msgs_s__rosidl_typesupport_fastrtps_c
[100%] Built target apriltag_msgs_s__rosidl_typesupport_c
[100%] Built target apriltag_msgs_s__rosidl_typesupport_introspection_c
-- Install configuration: ""
-- Installing: /root/ros2_ws/install/apriltag_msgs/share/ament_index/resource_index/rosidl_interfaces/apriltag_msgs
-- Installing: /root/ros2_ws/install/apriltag_msgs/share/apriltag_msgs/msg/Point.json
-- Installing: /root/ros2_ws/install/apriltag_msgs/share/apriltag_msgs/msg/AprilTagDetection.json
-- Installing: /root/ros2_ws/install/apriltag_msgs/share/apriltag_msgs/msg/AprilTagDetectionArray.json
-- Installing: /root/ros2_ws/install/apriltag_msgs/include/apriltag_msgs/apriltag_msgs
-- Installing: /root/ros2_ws/install/apriltag_msgs/include/apriltag_msgs/apriltag_msgs/msg
-- Installing: /root/ros2_ws/install/apriltag_msgs/include/apriltag_msgs/apriltag_msgs/msg/april_tag_detection_array.h
-- Installing: /root/ros2_ws/install/apriltag_msgs/include/apriltag_msgs/apriltag_msgs/msg/point.h
-- Installing: /root/ros2_ws/install/apriltag_msgs/include/apriltag_msgs/apriltag_msgs/msg/detail
-- Installing: /root/ros2_ws/install/apriltag_msgs/include/apriltag_msgs/apriltag_msgs/msg/detail/point__functions.c
-- Installing: /root/ros2_ws/install/apriltag_msgs/include/apriltag_msgs/apriltag_msgs/msg/detail/april_tag_detection__type_support.c
-- Installing: /root/ros2_ws/install/apriltag_msgs/include/apriltag_msgs/apriltag_msgs/msg/detail/point__type_support.c
-- Installing: /root/ros2_ws/install/apriltag_msgs/include/apriltag_msgs/apriltag_msgs/msg/detail/april_tag_detection__type_support.h
-- Installing: /root/ros2_ws/install/apriltag_msgs/include/apriltag_msgs/apriltag_msgs/msg/detail/april_tag_detection__description.c
-- Installing: /root/ros2_ws/install/apriltag_msgs/include/apriltag_msgs/apriltag_msgs/msg/detail/april_tag_detection_array__description.c
-- Installing: /root/ros2_ws/install/apriltag_msgs/include/apriltag_msgs/apriltag_msgs/msg/detail/point__functions.h
-- Installing: /root/ros2_ws/install/apriltag_msgs/include/apriltag_msgs/apriltag_msgs/msg/detail/point__type_support.h
-- Installing: /root/ros2_ws/install/apriltag_msgs/include/apriltag_msgs/apriltag_msgs/msg/detail/april_tag_detection_array__functions.h
-- Installing: /root/ros2_ws/install/apriltag_msgs/include/apriltag_msgs/apriltag_msgs/msg/detail/april_tag_detection_array__struct.h
-- Installing: /root/ros2_ws/install/apriltag_msgs/include/apriltag_msgs/apriltag_msgs/msg/detail/april_tag_detection_array__type_support.c
-- Installing: /root/ros2_ws/install/apriltag_msgs/include/apriltag_msgs/apriltag_msgs/msg/detail/point__struct.h
-- Installing: /root/ros2_ws/install/apriltag_msgs/include/apriltag_msgs/apriltag_msgs/msg/detail/april_tag_detection_array__type_support.h
-- Installing: /root/ros2_ws/install/apriltag_msgs/include/apriltag_msgs/apriltag_msgs/msg/detail/april_tag_detection__struct.h
-- Installing: /root/ros2_ws/install/apriltag_msgs/include/apriltag_msgs/apriltag_msgs/msg/detail/april_tag_detection__functions.h
-- Installing: /root/ros2_ws/install/apriltag_msgs/include/apriltag_msgs/apriltag_msgs/msg/detail/point__description.c
-- Installing: /root/ros2_ws/install/apriltag_msgs/include/apriltag_msgs/apriltag_msgs/msg/detail/april_tag_detection_array__functions.c
-- Installing: /root/ros2_ws/install/apriltag_msgs/include/apriltag_msgs/apriltag_msgs/msg/detail/april_tag_detection__functions.c
-- Installing: /root/ros2_ws/install/apriltag_msgs/include/apriltag_msgs/apriltag_msgs/msg/rosidl_generator_c__visibility_control.h
-- Installing: /root/ros2_ws/install/apriltag_msgs/include/apriltag_msgs/apriltag_msgs/msg/april_tag_detection.h
-- Installing: /root/ros2_ws/install/apriltag_msgs/share/apriltag_msgs/environment/library_path.sh
-- Installing: /root/ros2_ws/install/apriltag_msgs/share/apriltag_msgs/environment/library_path.dsv
-- Installing: /root/ros2_ws/install/apriltag_msgs/lib/libapriltag_msgs__rosidl_generator_c.so
-- Set non-toolchain portion of runtime path of "/root/ros2_ws/install/apriltag_msgs/lib/libapriltag_msgs__rosidl_generator_c.so" to ""
-- Up-to-date: /root/ros2_ws/install/apriltag_msgs/include/apriltag_msgs/apriltag_msgs
-- Up-to-date: /root/ros2_ws/install/apriltag_msgs/include/apriltag_msgs/apriltag_msgs/msg
-- Installing: /root/ros2_ws/install/apriltag_msgs/include/apriltag_msgs/apriltag_msgs/msg/rosidl_typesupport_fastrtps_c__visibility_control.h
-- Up-to-date: /root/ros2_ws/install/apriltag_msgs/include/apriltag_msgs/apriltag_msgs/msg/detail
-- Installing: /root/ros2_ws/install/apriltag_msgs/include/apriltag_msgs/apriltag_msgs/msg/detail/point__rosidl_typesupport_fastrtps_c.h
-- Installing: /root/ros2_ws/install/apriltag_msgs/include/apriltag_msgs/apriltag_msgs/msg/detail/april_tag_detection_array__rosidl_typesupport_fastrtps_c.h
-- Installing: /root/ros2_ws/install/apriltag_msgs/include/apriltag_msgs/apriltag_msgs/msg/detail/april_tag_detection__rosidl_typesupport_fastrtps_c.h
-- Installing: /root/ros2_ws/install/apriltag_msgs/lib/libapriltag_msgs__rosidl_typesupport_fastrtps_c.so
-- Set non-toolchain portion of runtime path of "/root/ros2_ws/install/apriltag_msgs/lib/libapriltag_msgs__rosidl_typesupport_fastrtps_c.so" to ""
-- Up-to-date: /root/ros2_ws/install/apriltag_msgs/include/apriltag_msgs/apriltag_msgs
-- Up-to-date: /root/ros2_ws/install/apriltag_msgs/include/apriltag_msgs/apriltag_msgs/msg
-- Up-to-date: /root/ros2_ws/install/apriltag_msgs/include/apriltag_msgs/apriltag_msgs/msg/detail
-- Installing: /root/ros2_ws/install/apriltag_msgs/include/apriltag_msgs/apriltag_msgs/msg/detail/april_tag_detection__rosidl_typesupport_introspection_c.h
-- Installing: /root/ros2_ws/install/apriltag_msgs/include/apriltag_msgs/apriltag_msgs/msg/detail/april_tag_detection_array__rosidl_typesupport_introspection_c.h
-- Installing: /root/ros2_ws/install/apriltag_msgs/include/apriltag_msgs/apriltag_msgs/msg/detail/april_tag_detection__type_support.c
-- Installing: /root/ros2_ws/install/apriltag_msgs/include/apriltag_msgs/apriltag_msgs/msg/detail/point__type_support.c
-- Installing: /root/ros2_ws/install/apriltag_msgs/include/apriltag_msgs/apriltag_msgs/msg/detail/april_tag_detection_array__type_support.c
-- Installing: /root/ros2_ws/install/apriltag_msgs/include/apriltag_msgs/apriltag_msgs/msg/detail/point__rosidl_typesupport_introspection_c.h
-- Installing: /root/ros2_ws/install/apriltag_msgs/include/apriltag_msgs/apriltag_msgs/msg/rosidl_typesupport_introspection_c__visibility_control.h
-- Installing: /root/ros2_ws/install/apriltag_msgs/lib/libapriltag_msgs__rosidl_typesupport_introspection_c.so
-- Set non-toolchain portion of runtime path of "/root/ros2_ws/install/apriltag_msgs/lib/libapriltag_msgs__rosidl_typesupport_introspection_c.so" to ""
-- Installing: /root/ros2_ws/install/apriltag_msgs/lib/libapriltag_msgs__rosidl_typesupport_c.so
-- Set non-toolchain portion of runtime path of "/root/ros2_ws/install/apriltag_msgs/lib/libapriltag_msgs__rosidl_typesupport_c.so" to ""
-- Up-to-date: /root/ros2_ws/install/apriltag_msgs/include/apriltag_msgs/apriltag_msgs
-- Up-to-date: /root/ros2_ws/install/apriltag_msgs/include/apriltag_msgs/apriltag_msgs/msg
-- Installing: /root/ros2_ws/install/apriltag_msgs/include/apriltag_msgs/apriltag_msgs/msg/point.hpp
-- Installing: /root/ros2_ws/install/apriltag_msgs/include/apriltag_msgs/apriltag_msgs/msg/april_tag_detection_array.hpp
-- Up-to-date: /root/ros2_ws/install/apriltag_msgs/include/apriltag_msgs/apriltag_msgs/msg/detail
-- Installing: /root/ros2_ws/install/apriltag_msgs/include/apriltag_msgs/apriltag_msgs/msg/detail/april_tag_detection_array__type_support.hpp
-- Installing: /root/ros2_ws/install/apriltag_msgs/include/apriltag_msgs/apriltag_msgs/msg/detail/april_tag_detection__builder.hpp
-- Installing: /root/ros2_ws/install/apriltag_msgs/include/apriltag_msgs/apriltag_msgs/msg/detail/point__type_support.hpp
-- Installing: /root/ros2_ws/install/apriltag_msgs/include/apriltag_msgs/apriltag_msgs/msg/detail/point__struct.hpp
-- Installing: /root/ros2_ws/install/apriltag_msgs/include/apriltag_msgs/apriltag_msgs/msg/detail/april_tag_detection_array__struct.hpp
-- Installing: /root/ros2_ws/install/apriltag_msgs/include/apriltag_msgs/apriltag_msgs/msg/detail/april_tag_detection__struct.hpp
-- Installing: /root/ros2_ws/install/apriltag_msgs/include/apriltag_msgs/apriltag_msgs/msg/detail/april_tag_detection_array__builder.hpp
-- Installing: /root/ros2_ws/install/apriltag_msgs/include/apriltag_msgs/apriltag_msgs/msg/detail/point__builder.hpp
-- Installing: /root/ros2_ws/install/apriltag_msgs/include/apriltag_msgs/apriltag_msgs/msg/detail/april_tag_detection_array__traits.hpp
-- Installing: /root/ros2_ws/install/apriltag_msgs/include/apriltag_msgs/apriltag_msgs/msg/detail/april_tag_detection__traits.hpp
-- Installing: /root/ros2_ws/install/apriltag_msgs/include/apriltag_msgs/apriltag_msgs/msg/detail/point__traits.hpp
-- Installing: /root/ros2_ws/install/apriltag_msgs/include/apriltag_msgs/apriltag_msgs/msg/detail/april_tag_detection__type_support.hpp
-- Installing: /root/ros2_ws/install/apriltag_msgs/include/apriltag_msgs/apriltag_msgs/msg/rosidl_generator_cpp__visibility_control.hpp
-- Installing: /root/ros2_ws/install/apriltag_msgs/include/apriltag_msgs/apriltag_msgs/msg/april_tag_detection.hpp
-- Up-to-date: /root/ros2_ws/install/apriltag_msgs/include/apriltag_msgs/apriltag_msgs
-- Up-to-date: /root/ros2_ws/install/apriltag_msgs/include/apriltag_msgs/apriltag_msgs/msg
-- Up-to-date: /root/ros2_ws/install/apriltag_msgs/include/apriltag_msgs/apriltag_msgs/msg/detail
-- Installing: /root/ros2_ws/install/apriltag_msgs/include/apriltag_msgs/apriltag_msgs/msg/detail/point__rosidl_typesupport_fastrtps_cpp.hpp
-- Installing: /root/ros2_ws/install/apriltag_msgs/include/apriltag_msgs/apriltag_msgs/msg/detail/dds_fastrtps
-- Installing: /root/ros2_ws/install/apriltag_msgs/include/apriltag_msgs/apriltag_msgs/msg/detail/april_tag_detection_array__rosidl_typesupport_fastrtps_cpp.hpp
-- Installing: /root/ros2_ws/install/apriltag_msgs/include/apriltag_msgs/apriltag_msgs/msg/detail/april_tag_detection__rosidl_typesupport_fastrtps_cpp.hpp
-- Installing: /root/ros2_ws/install/apriltag_msgs/include/apriltag_msgs/apriltag_msgs/msg/rosidl_typesupport_fastrtps_cpp__visibility_control.h
-- Installing: /root/ros2_ws/install/apriltag_msgs/lib/libapriltag_msgs__rosidl_typesupport_fastrtps_cpp.so
-- Set non-toolchain portion of runtime path of "/root/ros2_ws/install/apriltag_msgs/lib/libapriltag_msgs__rosidl_typesupport_fastrtps_cpp.so" to ""
-- Up-to-date: /root/ros2_ws/install/apriltag_msgs/include/apriltag_msgs/apriltag_msgs
-- Up-to-date: /root/ros2_ws/install/apriltag_msgs/include/apriltag_msgs/apriltag_msgs/msg
-- Up-to-date: /root/ros2_ws/install/apriltag_msgs/include/apriltag_msgs/apriltag_msgs/msg/detail
-- Installing: /root/ros2_ws/install/apriltag_msgs/include/apriltag_msgs/apriltag_msgs/msg/detail/april_tag_detection_array__rosidl_typesupport_introspection_cpp.hpp
-- Installing: /root/ros2_ws/install/apriltag_msgs/include/apriltag_msgs/apriltag_msgs/msg/detail/april_tag_detection_array__type_support.cpp
-- Installing: /root/ros2_ws/install/apriltag_msgs/include/apriltag_msgs/apriltag_msgs/msg/detail/point__type_support.cpp
-- Installing: /root/ros2_ws/install/apriltag_msgs/include/apriltag_msgs/apriltag_msgs/msg/detail/april_tag_detection__type_support.cpp
-- Installing: /root/ros2_ws/install/apriltag_msgs/include/apriltag_msgs/apriltag_msgs/msg/detail/april_tag_detection__rosidl_typesupport_introspection_cpp.hpp
-- Installing: /root/ros2_ws/install/apriltag_msgs/include/apriltag_msgs/apriltag_msgs/msg/detail/point__rosidl_typesupport_introspection_cpp.hpp
-- Installing: /root/ros2_ws/install/apriltag_msgs/lib/libapriltag_msgs__rosidl_typesupport_introspection_cpp.so
-- Set non-toolchain portion of runtime path of "/root/ros2_ws/install/apriltag_msgs/lib/libapriltag_msgs__rosidl_typesupport_introspection_cpp.so" to ""
-- Installing: /root/ros2_ws/install/apriltag_msgs/lib/libapriltag_msgs__rosidl_typesupport_cpp.so
-- Set non-toolchain portion of runtime path of "/root/ros2_ws/install/apriltag_msgs/lib/libapriltag_msgs__rosidl_typesupport_cpp.so" to ""
-- Installing: /root/ros2_ws/install/apriltag_msgs/share/apriltag_msgs/environment/pythonpath.sh
-- Installing: /root/ros2_ws/install/apriltag_msgs/share/apriltag_msgs/environment/pythonpath.dsv
-- Installing: /root/ros2_ws/install/apriltag_msgs/lib/python3.12/site-packages/apriltag_msgs-2.0.1-py3.12.egg-info
-- Installing: /root/ros2_ws/install/apriltag_msgs/lib/python3.12/site-packages/apriltag_msgs-2.0.1-py3.12.egg-info/SOURCES.txt
-- Installing: /root/ros2_ws/install/apriltag_msgs/lib/python3.12/site-packages/apriltag_msgs-2.0.1-py3.12.egg-info/PKG-INFO
-- Installing: /root/ros2_ws/install/apriltag_msgs/lib/python3.12/site-packages/apriltag_msgs-2.0.1-py3.12.egg-info/top_level.txt
-- Installing: /root/ros2_ws/install/apriltag_msgs/lib/python3.12/site-packages/apriltag_msgs-2.0.1-py3.12.egg-info/dependency_links.txt
-- Installing: /root/ros2_ws/install/apriltag_msgs/lib/python3.12/site-packages/apriltag_msgs
-- Installing: /root/ros2_ws/install/apriltag_msgs/lib/python3.12/site-packages/apriltag_msgs/msg
-- Installing: /root/ros2_ws/install/apriltag_msgs/lib/python3.12/site-packages/apriltag_msgs/msg/_april_tag_detection.py
-- Installing: /root/ros2_ws/install/apriltag_msgs/lib/python3.12/site-packages/apriltag_msgs/msg/_april_tag_detection_array_s.c
-- Installing: /root/ros2_ws/install/apriltag_msgs/lib/python3.12/site-packages/apriltag_msgs/msg/_april_tag_detection_array.py
-- Installing: /root/ros2_ws/install/apriltag_msgs/lib/python3.12/site-packages/apriltag_msgs/msg/_point_s.c
-- Installing: /root/ros2_ws/install/apriltag_msgs/lib/python3.12/site-packages/apriltag_msgs/msg/__init__.py
-- Installing: /root/ros2_ws/install/apriltag_msgs/lib/python3.12/site-packages/apriltag_msgs/msg/_point.py
-- Installing: /root/ros2_ws/install/apriltag_msgs/lib/python3.12/site-packages/apriltag_msgs/msg/_april_tag_detection_s.c
-- Installing: /root/ros2_ws/install/apriltag_msgs/lib/python3.12/site-packages/apriltag_msgs/_apriltag_msgs_s.ep.rosidl_typesupport_introspection_c.c
-- Installing: /root/ros2_ws/install/apriltag_msgs/lib/python3.12/site-packages/apriltag_msgs/_apriltag_msgs_s.ep.rosidl_typesupport_fastrtps_c.c
-- Installing: /root/ros2_ws/install/apriltag_msgs/lib/python3.12/site-packages/apriltag_msgs/apriltag_msgs_s__rosidl_typesupport_c.so
-- Installing: /root/ros2_ws/install/apriltag_msgs/lib/python3.12/site-packages/apriltag_msgs/__init__.py
-- Installing: /root/ros2_ws/install/apriltag_msgs/lib/python3.12/site-packages/apriltag_msgs/_apriltag_msgs_s.ep.rosidl_typesupport_c.c
-- Installing: /root/ros2_ws/install/apriltag_msgs/lib/python3.12/site-packages/apriltag_msgs/apriltag_msgs_s__rosidl_typesupport_fastrtps_c.so
-- Installing: /root/ros2_ws/install/apriltag_msgs/lib/python3.12/site-packages/apriltag_msgs/apriltag_msgs_s__rosidl_typesupport_introspection_c.so
Listing '/root/ros2_ws/install/apriltag_msgs/lib/python3.12/site-packages/apriltag_msgs'...
Compiling '/root/ros2_ws/install/apriltag_msgs/lib/python3.12/site-packages/apriltag_msgs/__init__.py'...
Listing '/root/ros2_ws/install/apriltag_msgs/lib/python3.12/site-packages/apriltag_msgs/msg'...
Compiling '/root/ros2_ws/install/apriltag_msgs/lib/python3.12/site-packages/apriltag_msgs/msg/__init__.py'...
Compiling '/root/ros2_ws/install/apriltag_msgs/lib/python3.12/site-packages/apriltag_msgs/msg/_april_tag_detection.py'...
Compiling '/root/ros2_ws/install/apriltag_msgs/lib/python3.12/site-packages/apriltag_msgs/msg/_april_tag_detection_array.py'...
Compiling '/root/ros2_ws/install/apriltag_msgs/lib/python3.12/site-packages/apriltag_msgs/msg/_point.py'...
-- Installing: /root/ros2_ws/install/apriltag_msgs/lib/python3.12/site-packages/apriltag_msgs/apriltag_msgs_s__rosidl_typesupport_fastrtps_c.so
-- Set non-toolchain portion of runtime path of "/root/ros2_ws/install/apriltag_msgs/lib/python3.12/site-packages/apriltag_msgs/apriltag_msgs_s__rosidl_typesupport_fastrtps_c.so" to ""
-- Installing: /root/ros2_ws/install/apriltag_msgs/lib/python3.12/site-packages/apriltag_msgs/apriltag_msgs_s__rosidl_typesupport_introspection_c.so
-- Set non-toolchain portion of runtime path of "/root/ros2_ws/install/apriltag_msgs/lib/python3.12/site-packages/apriltag_msgs/apriltag_msgs_s__rosidl_typesupport_introspection_c.so" to ""
-- Installing: /root/ros2_ws/install/apriltag_msgs/lib/python3.12/site-packages/apriltag_msgs/apriltag_msgs_s__rosidl_typesupport_c.so
-- Set non-toolchain portion of runtime path of "/root/ros2_ws/install/apriltag_msgs/lib/python3.12/site-packages/apriltag_msgs/apriltag_msgs_s__rosidl_typesupport_c.so" to ""
-- Installing: /root/ros2_ws/install/apriltag_msgs/lib/libapriltag_msgs__rosidl_generator_py.so
-- Set non-toolchain portion of runtime path of "/root/ros2_ws/install/apriltag_msgs/lib/libapriltag_msgs__rosidl_generator_py.so" to ""
-- Installing: /root/ros2_ws/install/apriltag_msgs/share/apriltag_msgs/msg/Point.idl
-- Installing: /root/ros2_ws/install/apriltag_msgs/share/apriltag_msgs/msg/AprilTagDetection.idl
-- Installing: /root/ros2_ws/install/apriltag_msgs/share/apriltag_msgs/msg/AprilTagDetectionArray.idl
-- Installing: /root/ros2_ws/install/apriltag_msgs/share/apriltag_msgs/msg/Point.msg
-- Installing: /root/ros2_ws/install/apriltag_msgs/share/apriltag_msgs/msg/AprilTagDetection.msg
-- Installing: /root/ros2_ws/install/apriltag_msgs/share/apriltag_msgs/msg/AprilTagDetectionArray.msg
-- Installing: /root/ros2_ws/install/apriltag_msgs/share/ament_index/resource_index/package_run_dependencies/apriltag_msgs
-- Installing: /root/ros2_ws/install/apriltag_msgs/share/ament_index/resource_index/parent_prefix_path/apriltag_msgs
-- Installing: /root/ros2_ws/install/apriltag_msgs/share/apriltag_msgs/environment/ament_prefix_path.sh
-- Installing: /root/ros2_ws/install/apriltag_msgs/share/apriltag_msgs/environment/ament_prefix_path.dsv
-- Installing: /root/ros2_ws/install/apriltag_msgs/share/apriltag_msgs/environment/path.sh
-- Installing: /root/ros2_ws/install/apriltag_msgs/share/apriltag_msgs/environment/path.dsv
-- Installing: /root/ros2_ws/install/apriltag_msgs/share/apriltag_msgs/local_setup.bash
-- Installing: /root/ros2_ws/install/apriltag_msgs/share/apriltag_msgs/local_setup.sh
-- Installing: /root/ros2_ws/install/apriltag_msgs/share/apriltag_msgs/local_setup.zsh
-- Installing: /root/ros2_ws/install/apriltag_msgs/share/apriltag_msgs/local_setup.dsv
-- Installing: /root/ros2_ws/install/apriltag_msgs/share/apriltag_msgs/package.dsv
-- Installing: /root/ros2_ws/install/apriltag_msgs/share/ament_index/resource_index/packages/apriltag_msgs
-- Installing: /root/ros2_ws/install/apriltag_msgs/share/apriltag_msgs/cmake/export_apriltag_msgs__rosidl_generator_cExport.cmake
-- Installing: /root/ros2_ws/install/apriltag_msgs/share/apriltag_msgs/cmake/export_apriltag_msgs__rosidl_generator_cExport-noconfig.cmake
-- Installing: /root/ros2_ws/install/apriltag_msgs/share/apriltag_msgs/cmake/export_apriltag_msgs__rosidl_typesupport_fastrtps_cExport.cmake
-- Installing: /root/ros2_ws/install/apriltag_msgs/share/apriltag_msgs/cmake/export_apriltag_msgs__rosidl_typesupport_fastrtps_cExport-noconfig.cmake
-- Installing: /root/ros2_ws/install/apriltag_msgs/share/apriltag_msgs/cmake/apriltag_msgs__rosidl_typesupport_introspection_cExport.cmake
-- Installing: /root/ros2_ws/install/apriltag_msgs/share/apriltag_msgs/cmake/apriltag_msgs__rosidl_typesupport_introspection_cExport-noconfig.cmake
-- Installing: /root/ros2_ws/install/apriltag_msgs/share/apriltag_msgs/cmake/apriltag_msgs__rosidl_typesupport_cExport.cmake
-- Installing: /root/ros2_ws/install/apriltag_msgs/share/apriltag_msgs/cmake/apriltag_msgs__rosidl_typesupport_cExport-noconfig.cmake
-- Installing: /root/ros2_ws/install/apriltag_msgs/share/apriltag_msgs/cmake/export_apriltag_msgs__rosidl_generator_cppExport.cmake
-- Installing: /root/ros2_ws/install/apriltag_msgs/share/apriltag_msgs/cmake/export_apriltag_msgs__rosidl_typesupport_fastrtps_cppExport.cmake
-- Installing: /root/ros2_ws/install/apriltag_msgs/share/apriltag_msgs/cmake/export_apriltag_msgs__rosidl_typesupport_fastrtps_cppExport-noconfig.cmake
-- Installing: /root/ros2_ws/install/apriltag_msgs/share/apriltag_msgs/cmake/apriltag_msgs__rosidl_typesupport_introspection_cppExport.cmake
-- Installing: /root/ros2_ws/install/apriltag_msgs/share/apriltag_msgs/cmake/apriltag_msgs__rosidl_typesupport_introspection_cppExport-noconfig.cmake
-- Installing: /root/ros2_ws/install/apriltag_msgs/share/apriltag_msgs/cmake/apriltag_msgs__rosidl_typesupport_cppExport.cmake
-- Installing: /root/ros2_ws/install/apriltag_msgs/share/apriltag_msgs/cmake/apriltag_msgs__rosidl_typesupport_cppExport-noconfig.cmake
-- Installing: /root/ros2_ws/install/apriltag_msgs/share/apriltag_msgs/cmake/export_apriltag_msgs__rosidl_generator_pyExport.cmake
-- Installing: /root/ros2_ws/install/apriltag_msgs/share/apriltag_msgs/cmake/export_apriltag_msgs__rosidl_generator_pyExport-noconfig.cmake
-- Installing: /root/ros2_ws/install/apriltag_msgs/share/apriltag_msgs/cmake/rosidl_cmake-extras.cmake
-- Installing: /root/ros2_ws/install/apriltag_msgs/share/apriltag_msgs/cmake/ament_cmake_export_dependencies-extras.cmake
-- Installing: /root/ros2_ws/install/apriltag_msgs/share/apriltag_msgs/cmake/ament_cmake_export_include_directories-extras.cmake
-- Installing: /root/ros2_ws/install/apriltag_msgs/share/apriltag_msgs/cmake/ament_cmake_export_libraries-extras.cmake
-- Installing: /root/ros2_ws/install/apriltag_msgs/share/apriltag_msgs/cmake/ament_cmake_export_targets-extras.cmake
-- Installing: /root/ros2_ws/install/apriltag_msgs/share/apriltag_msgs/cmake/rosidl_cmake_export_typesupport_targets-extras.cmake
-- Installing: /root/ros2_ws/install/apriltag_msgs/share/apriltag_msgs/cmake/rosidl_cmake_export_typesupport_libraries-extras.cmake
-- Installing: /root/ros2_ws/install/apriltag_msgs/share/apriltag_msgs/cmake/apriltag_msgsConfig.cmake
-- Installing: /root/ros2_ws/install/apriltag_msgs/share/apriltag_msgs/cmake/apriltag_msgsConfig-version.cmake
-- Installing: /root/ros2_ws/install/apriltag_msgs/share/apriltag_msgs/package.xml
