[0.010s] Invoking command in '/root/ros2_ws/build/apriltag_ros': AMENT_PREFIX_PATH=/root/ros2_ws/install/apriltag_msgs:${AMENT_PREFIX_PATH} CMAKE_PREFIX_PATH=/root/ros2_ws/install/apriltag_msgs:/root/ros2_ws/install/apriltag:/opt/ros/jazzy LD_LIBRARY_PATH=/root/ros2_ws/install/apriltag_msgs/lib:/root/ros2_ws/install/apriltag/lib:${LD_LIBRARY_PATH} PATH=/root/ros2_ws/install/apriltag/bin:${PATH} PKG_CONFIG_PATH=/root/ros2_ws/install/apriltag/lib/x86_64-linux-gnu/pkgconfig:/root/ros2_ws/install/apriltag/lib/pkgconfig PYTHONPATH=/root/ros2_ws/install/apriltag_msgs/lib/python3.12/site-packages:/root/ros2_ws/install/apriltag/lib/python3.12/site-packages:${PYTHONPATH} /usr/bin/cmake /root/ros2_ws/src/ros2-apriltags/submodules/apriltag_ros -DCMAKE_INSTALL_PREFIX=/root/ros2_ws/install/apriltag_ros
[0.059s] -- The C compiler identification is GNU 13.3.0
[0.112s] -- The CXX compiler identification is GNU 13.3.0
[0.135s] -- Detecting C compiler ABI info
[0.241s] -- Detecting C compiler ABI info - done
[0.248s] -- Check for working C compiler: /usr/bin/cc - skipped
[0.248s] -- Detecting C compile features
[0.249s] -- Detecting C compile features - done
[0.264s] -- Detecting CXX compiler ABI info
[0.354s] -- Detecting CXX compiler ABI info - done
[0.367s] -- Check for working CXX compiler: /usr/bin/c++ - skipped
[0.368s] -- Detecting CXX compile features
[0.368s] -- Detecting CXX compile features - done
[0.377s] -- Found rclcpp: 28.1.16 (/opt/ros/jazzy/share/rclcpp/cmake)
[0.471s] -- Found Python3: /usr/bin/python3 (found version "3.12.3") found components: Interpreter 
[0.608s] -- Found rosidl_generator_c: 4.6.7 (/opt/ros/jazzy/share/rosidl_generator_c/cmake)
[0.618s] -- Found rosidl_generator_cpp: 4.6.7 (/opt/ros/jazzy/share/rosidl_generator_cpp/cmake)
[0.631s] -- Using all available rosidl_typesupport_c: rosidl_typesupport_fastrtps_c;rosidl_typesupport_introspection_c
[0.646s] -- Using all available rosidl_typesupport_cpp: rosidl_typesupport_fastrtps_cpp;rosidl_typesupport_introspection_cpp
[0.714s] -- Found rmw_implementation_cmake: 7.3.3 (/opt/ros/jazzy/share/rmw_implementation_cmake/cmake)
[0.717s] -- Found rmw_zenoh_cpp: 0.2.9 (/opt/ros/jazzy/share/rmw_zenoh_cpp/cmake)
[0.718s] -- Using RMW implementation 'rmw_zenoh_cpp' as default
[0.788s] -- Found rclcpp_components: 28.1.16 (/opt/ros/jazzy/share/rclcpp_components/cmake)
[0.817s] -- Found sensor_msgs: 5.3.6 (/opt/ros/jazzy/share/sensor_msgs/cmake)
[0.873s] -- Found apriltag_msgs: 2.0.1 (/root/ros2_ws/install/apriltag_msgs/share/apriltag_msgs/cmake)
[0.893s] -- Found tf2_ros: 0.36.19 (/opt/ros/jazzy/share/tf2_ros/cmake)
[0.986s] -- Found image_transport: 5.1.7 (/opt/ros/jazzy/share/image_transport/cmake)
[0.994s] -- Found TinyXML2 via Config file: /usr/lib/x86_64-linux-gnu/cmake/tinyxml2
[0.996s] -- Found cv_bridge: 4.1.0 (/opt/ros/jazzy/share/cv_bridge/cmake)
[1.010s] -- Performing Test CMAKE_HAVE_LIBC_PTHREAD
[1.095s] -- Performing Test CMAKE_HAVE_LIBC_PTHREAD - Success
[1.096s] -- Found Threads: TRUE  
[1.097s] -- Found OpenCV: /usr (found version "4.6.0") found components: core calib3d 
[1.118s] -- Found ament_lint_auto: 0.17.4 (/opt/ros/jazzy/share/ament_lint_auto/cmake)
[1.229s] -- Added test 'cppcheck' to perform static code analysis on C / C++ code
[1.230s] -- Configured cppcheck include dirs: 
[1.230s] -- Configured cppcheck exclude dirs and/or files: 
[1.230s] -- Configuring done (1.2s)
[1.250s] -- Generating done (0.0s)
[1.256s] -- Build files have been written to: /root/ros2_ws/build/apriltag_ros
[1.263s] Invoked command in '/root/ros2_ws/build/apriltag_ros' returned '0': AMENT_PREFIX_PATH=/root/ros2_ws/install/apriltag_msgs:${AMENT_PREFIX_PATH} CMAKE_PREFIX_PATH=/root/ros2_ws/install/apriltag_msgs:/root/ros2_ws/install/apriltag:/opt/ros/jazzy LD_LIBRARY_PATH=/root/ros2_ws/install/apriltag_msgs/lib:/root/ros2_ws/install/apriltag/lib:${LD_LIBRARY_PATH} PATH=/root/ros2_ws/install/apriltag/bin:${PATH} PKG_CONFIG_PATH=/root/ros2_ws/install/apriltag/lib/x86_64-linux-gnu/pkgconfig:/root/ros2_ws/install/apriltag/lib/pkgconfig PYTHONPATH=/root/ros2_ws/install/apriltag_msgs/lib/python3.12/site-packages:/root/ros2_ws/install/apriltag/lib/python3.12/site-packages:${PYTHONPATH} /usr/bin/cmake /root/ros2_ws/src/ros2-apriltags/submodules/apriltag_ros -DCMAKE_INSTALL_PREFIX=/root/ros2_ws/install/apriltag_ros
[1.263s] Invoking command in '/root/ros2_ws/build/apriltag_ros': AMENT_PREFIX_PATH=/root/ros2_ws/install/apriltag_msgs:${AMENT_PREFIX_PATH} CMAKE_PREFIX_PATH=/root/ros2_ws/install/apriltag_msgs:/root/ros2_ws/install/apriltag:/opt/ros/jazzy LD_LIBRARY_PATH=/root/ros2_ws/install/apriltag_msgs/lib:/root/ros2_ws/install/apriltag/lib:${LD_LIBRARY_PATH} PATH=/root/ros2_ws/install/apriltag/bin:${PATH} PKG_CONFIG_PATH=/root/ros2_ws/install/apriltag/lib/x86_64-linux-gnu/pkgconfig:/root/ros2_ws/install/apriltag/lib/pkgconfig PYTHONPATH=/root/ros2_ws/install/apriltag_msgs/lib/python3.12/site-packages:/root/ros2_ws/install/apriltag/lib/python3.12/site-packages:${PYTHONPATH} /usr/bin/cmake --build /root/ros2_ws/build/apriltag_ros -- -j16 -l16
[1.309s] [ 10%] [32mBuilding CXX object CMakeFiles/tags.dir/src/tag_functions.cpp.o[0m
[1.309s] [ 20%] [32mBuilding CXX object CMakeFiles/apriltag_node.dir/rclcpp_components/node_main_apriltag_node.cpp.o[0m
[1.311s] [ 30%] [32mBuilding CXX object CMakeFiles/conversion.dir/src/conversion.cpp.o[0m
[1.524s] [ 40%] [32m[1mLinking CXX static library libtags.a[0m
[1.562s] [ 40%] Built target tags
[2.682s] [ 50%] [32m[1mLinking CXX static library libconversion.a[0m
[2.720s] [ 50%] Built target conversion
[2.743s] [ 60%] [32mBuilding CXX object CMakeFiles/pose_estimation.dir/src/pose_estimation.cpp.o[0m
[4.095s] [ 70%] [32m[1mLinking CXX executable apriltag_node[0m
[4.148s] [ 80%] [32m[1mLinking CXX static library libpose_estimation.a[0m
[4.189s] [ 80%] Built target pose_estimation
[4.214s] [ 90%] [32mBuilding CXX object CMakeFiles/AprilTagNode.dir/src/AprilTagNode.cpp.o[0m
[4.237s] [ 90%] Built target apriltag_node
[10.716s] [100%] [32m[1mLinking CXX shared library libAprilTagNode.so[0m
[11.067s] [100%] Built target AprilTagNode
[11.079s] Invoked command in '/root/ros2_ws/build/apriltag_ros' returned '0': AMENT_PREFIX_PATH=/root/ros2_ws/install/apriltag_msgs:${AMENT_PREFIX_PATH} CMAKE_PREFIX_PATH=/root/ros2_ws/install/apriltag_msgs:/root/ros2_ws/install/apriltag:/opt/ros/jazzy LD_LIBRARY_PATH=/root/ros2_ws/install/apriltag_msgs/lib:/root/ros2_ws/install/apriltag/lib:${LD_LIBRARY_PATH} PATH=/root/ros2_ws/install/apriltag/bin:${PATH} PKG_CONFIG_PATH=/root/ros2_ws/install/apriltag/lib/x86_64-linux-gnu/pkgconfig:/root/ros2_ws/install/apriltag/lib/pkgconfig PYTHONPATH=/root/ros2_ws/install/apriltag_msgs/lib/python3.12/site-packages:/root/ros2_ws/install/apriltag/lib/python3.12/site-packages:${PYTHONPATH} /usr/bin/cmake --build /root/ros2_ws/build/apriltag_ros -- -j16 -l16
[11.080s] Invoking command in '/root/ros2_ws/build/apriltag_ros': AMENT_PREFIX_PATH=/root/ros2_ws/install/apriltag_msgs:${AMENT_PREFIX_PATH} CMAKE_PREFIX_PATH=/root/ros2_ws/install/apriltag_msgs:/root/ros2_ws/install/apriltag:/opt/ros/jazzy LD_LIBRARY_PATH=/root/ros2_ws/install/apriltag_msgs/lib:/root/ros2_ws/install/apriltag/lib:${LD_LIBRARY_PATH} PATH=/root/ros2_ws/install/apriltag/bin:${PATH} PKG_CONFIG_PATH=/root/ros2_ws/install/apriltag/lib/x86_64-linux-gnu/pkgconfig:/root/ros2_ws/install/apriltag/lib/pkgconfig PYTHONPATH=/root/ros2_ws/install/apriltag_msgs/lib/python3.12/site-packages:/root/ros2_ws/install/apriltag/lib/python3.12/site-packages:${PYTHONPATH} /usr/bin/cmake --install /root/ros2_ws/build/apriltag_ros
[11.086s] -- Install configuration: ""
[11.086s] -- Installing: /root/ros2_ws/install/apriltag_ros/lib/apriltag_ros/apriltag_node
[11.086s] -- Set non-toolchain portion of runtime path of "/root/ros2_ws/install/apriltag_ros/lib/apriltag_ros/apriltag_node" to ""
[11.087s] -- Installing: /root/ros2_ws/install/apriltag_ros/share/apriltag_ros/environment/library_path.sh
[11.087s] -- Installing: /root/ros2_ws/install/apriltag_ros/share/apriltag_ros/environment/library_path.dsv
[11.087s] -- Installing: /root/ros2_ws/install/apriltag_ros/lib/libAprilTagNode.so
[11.089s] -- Set non-toolchain portion of runtime path of "/root/ros2_ws/install/apriltag_ros/lib/libAprilTagNode.so" to ""
[11.089s] -- Installing: /root/ros2_ws/install/apriltag_ros/share/apriltag_ros/cfg
[11.089s] -- Installing: /root/ros2_ws/install/apriltag_ros/share/apriltag_ros/cfg/tags_36h11.yaml
[11.089s] -- Installing: /root/ros2_ws/install/apriltag_ros/share/apriltag_ros/launch
[11.089s] -- Installing: /root/ros2_ws/install/apriltag_ros/share/apriltag_ros/launch/v4l2_36h11.launch.yml
[11.089s] -- Installing: /root/ros2_ws/install/apriltag_ros/share/ament_index/resource_index/package_run_dependencies/apriltag_ros
[11.089s] -- Installing: /root/ros2_ws/install/apriltag_ros/share/ament_index/resource_index/parent_prefix_path/apriltag_ros
[11.089s] -- Installing: /root/ros2_ws/install/apriltag_ros/share/apriltag_ros/environment/ament_prefix_path.sh
[11.089s] -- Installing: /root/ros2_ws/install/apriltag_ros/share/apriltag_ros/environment/ament_prefix_path.dsv
[11.089s] -- Installing: /root/ros2_ws/install/apriltag_ros/share/apriltag_ros/environment/path.sh
[11.089s] -- Installing: /root/ros2_ws/install/apriltag_ros/share/apriltag_ros/environment/path.dsv
[11.089s] -- Installing: /root/ros2_ws/install/apriltag_ros/share/apriltag_ros/local_setup.bash
[11.089s] -- Installing: /root/ros2_ws/install/apriltag_ros/share/apriltag_ros/local_setup.sh
[11.089s] -- Installing: /root/ros2_ws/install/apriltag_ros/share/apriltag_ros/local_setup.zsh
[11.089s] -- Installing: /root/ros2_ws/install/apriltag_ros/share/apriltag_ros/local_setup.dsv
[11.089s] -- Installing: /root/ros2_ws/install/apriltag_ros/share/apriltag_ros/package.dsv
[11.090s] -- Installing: /root/ros2_ws/install/apriltag_ros/share/ament_index/resource_index/packages/apriltag_ros
[11.090s] -- Installing: /root/ros2_ws/install/apriltag_ros/share/ament_index/resource_index/rclcpp_components/apriltag_ros
[11.090s] -- Installing: /root/ros2_ws/install/apriltag_ros/share/apriltag_ros/cmake/apriltag_rosConfig.cmake
[11.090s] -- Installing: /root/ros2_ws/install/apriltag_ros/share/apriltag_ros/cmake/apriltag_rosConfig-version.cmake
[11.090s] -- Installing: /root/ros2_ws/install/apriltag_ros/share/apriltag_ros/package.xml
[11.091s] Invoked command in '/root/ros2_ws/build/apriltag_ros' returned '0': AMENT_PREFIX_PATH=/root/ros2_ws/install/apriltag_msgs:${AMENT_PREFIX_PATH} CMAKE_PREFIX_PATH=/root/ros2_ws/install/apriltag_msgs:/root/ros2_ws/install/apriltag:/opt/ros/jazzy LD_LIBRARY_PATH=/root/ros2_ws/install/apriltag_msgs/lib:/root/ros2_ws/install/apriltag/lib:${LD_LIBRARY_PATH} PATH=/root/ros2_ws/install/apriltag/bin:${PATH} PKG_CONFIG_PATH=/root/ros2_ws/install/apriltag/lib/x86_64-linux-gnu/pkgconfig:/root/ros2_ws/install/apriltag/lib/pkgconfig PYTHONPATH=/root/ros2_ws/install/apriltag_msgs/lib/python3.12/site-packages:/root/ros2_ws/install/apriltag/lib/python3.12/site-packages:${PYTHONPATH} /usr/bin/cmake --install /root/ros2_ws/build/apriltag_ros
